<?xml version="1.0" encoding="UTF-8"?>
<!-- Generated by org.testng.reporters.JUnitXMLReporter -->
<testsuite ignored="5" hostname="AHMajain5NKJG5M" failures="0" tests="1" name="Automation Test" time="4.238" errors="0" timestamp="2021-07-04T14:04:24 IST">
  <testcase classname="Tests.LoginTest" name="verifyStandardUserLogin" time="1.03"/>
  <testcase classname="Tests.LoginTest" name="verifyNoUserNameInput" time="0.0">
    <ignored/>
  </testcase> <!-- verifyNoUserNameInput -->
  <testcase classname="Tests.LoginTest" name="verifyHomePage" time="0.0">
    <ignored/>
  </testcase> <!-- verifyHomePage -->
  <testcase classname="Tests.LoginTest" name="VerifyLockedOutUserLogin" time="0.0">
    <ignored/>
  </testcase> <!-- VerifyLockedOutUserLogin -->
  <testcase classname="Tests.LoginTest" name="verifyNoPasswordInput" time="0.0">
    <ignored/>
  </testcase> <!-- verifyNoPasswordInput -->
  <testcase classname="Tests.LoginTest" name="verifyNoUsernameAndPasswordInput" time="0.0">
    <ignored/>
  </testcase> <!-- verifyNoUsernameAndPasswordInput -->
</testsuite> <!-- Automation Test -->
