<?xml version="1.0" encoding="UTF-8"?>
<testng-results ignored="5" total="6" passed="1" failed="0" skipped="0">
  <reporter-output>
    <line>
      <![CDATA[Testing Started]]>
    </line>
    <line>
      <![CDATA[LoginTest]]>
    </line>
  </reporter-output>
  <suite started-at="2021-07-04T14:04:19 IST" name="Aequilibrium Tech Assignment" finished-at="2021-07-04T14:04:24 IST" duration-ms="4238">
    <groups>
    </groups>
    <test started-at="2021-07-04T14:04:19 IST" name="Automation Test" finished-at="2021-07-04T14:04:24 IST" duration-ms="4238">
      <class name="Tests.LoginTest">
        <test-method is-config="true" signature="initiateBrowser()[pri:0, instance:Tests.LoginTest@2d7275fc]" started-at="2021-07-04T14:04:19 IST" name="initiateBrowser" finished-at="2021-07-04T14:04:19 IST" duration-ms="11" status="PASS">
          <reporter-output>
            <line>
              <![CDATA[Testing Started]]>
            </line>
          </reporter-output>
        </test-method> <!-- initiateBrowser -->
        <test-method is-config="true" signature="setup()[pri:0, instance:Tests.LoginTest@2d7275fc]" started-at="2021-07-04T14:04:19 IST" name="setup" finished-at="2021-07-04T14:04:23 IST" duration-ms="3039" status="PASS">
          <reporter-output>
            <line>
              <![CDATA[LoginTest]]>
            </line>
          </reporter-output>
        </test-method> <!-- setup -->
        <test-method signature="verifyStandardUserLogin()[pri:5, instance:Tests.LoginTest@2d7275fc]" started-at="2021-07-04T14:04:23 IST" name="verifyStandardUserLogin" description="Verify that standard user is able to login into the site successfully" finished-at="2021-07-04T14:04:24 IST" duration-ms="1030" status="PASS">
          <reporter-output>
          </reporter-output>
        </test-method> <!-- verifyStandardUserLogin -->
        <test-method is-config="true" signature="terminateBrowser()[pri:0, instance:Tests.LoginTest@2d7275fc]" started-at="2021-07-04T14:04:24 IST" name="terminateBrowser" finished-at="2021-07-04T14:04:24 IST" duration-ms="142" status="PASS">
          <reporter-output>
          </reporter-output>
        </test-method> <!-- terminateBrowser -->
        <test-method is-config="true" signature="tearDown()[pri:0, instance:Tests.LoginTest@2d7275fc]" started-at="2021-07-04T14:04:24 IST" name="tearDown" finished-at="2021-07-04T14:04:24 IST" duration-ms="34" status="PASS">
          <reporter-output>
          </reporter-output>
        </test-method> <!-- tearDown -->
      </class> <!-- Tests.LoginTest -->
    </test> <!-- Automation Test -->
  </suite> <!-- Aequilibrium Tech Assignment -->
</testng-results>
